TN:
SF:changePassword.js
FN:3,changePassword
FN:4,(anonymous_1)
FNF:2
FNH:2
FNDA:5,changePassword
FNDA:5,(anonymous_1)
DA:1,1
DA:4,5
DA:5,5
DA:6,1
DA:8,4
DA:9,1
DA:11,3
DA:12,1
DA:14,2
DA:15,2
DA:16,1
DA:19,1
DA:20,1
DA:24,1
LF:14
LH:14
BRDA:5,0,0,1
BRDA:5,0,1,4
BRDA:8,1,0,1
BRDA:8,1,1,3
BRDA:11,2,0,1
BRDA:11,2,1,2
BRDA:15,3,0,1
BRDA:15,3,1,1
BRF:8
BRH:8
end_of_record
TN:
SF:createUser.js
FN:4,createUser
FN:5,(anonymous_1)
FNF:2
FNH:2
FNDA:4,createUser
FNDA:1,(anonymous_1)
DA:1,1
DA:2,1
DA:5,4
DA:6,4
DA:7,1
DA:10,3
DA:11,3
DA:12,1
DA:14,2
DA:15,2
DA:16,2
DA:19,1
LF:12
LH:12
BRDA:6,0,0,1
BRDA:6,0,1,3
BRDA:11,1,0,1
BRDA:11,1,1,2
BRF:4
BRH:4
end_of_record
TN:
SF:login.js
FN:3,login
FN:4,(anonymous_1)
FNF:2
FNH:2
FNDA:3,login
FNDA:3,(anonymous_1)
DA:1,1
DA:4,3
DA:5,3
DA:6,1
DA:9,2
DA:10,1
DA:12,1
DA:15,1
LF:8
LH:8
BRDA:5,0,0,1
BRDA:5,0,1,2
BRDA:9,1,0,1
BRDA:9,1,1,1
BRF:4
BRH:4
end_of_record
TN:
SF:user.js
FN:2,(anonymous_0)
FNF:1
FNH:1
FNDA:10,(anonymous_0)
DA:3,10
DA:4,10
DA:8,3
LF:3
LH:3
BRF:0
BRH:0
end_of_record
TN:
SF:usersData.js
FNF:0
FNH:0
DA:1,3
DA:3,3
LF:2
LH:2
BRF:0
BRH:0
end_of_record
